{
  "RSpec": {
    "coverage": {
      "/Users/konradschlatte/projects/bookmark_new/Bookmark-manager/app/models/link.rb": [
        1,
        null,
        1,
        1,
        null,
        1,
        null,
        1,
        1,
        1,
        null,
        null
      ],
      "/Users/konradschlatte/projects/bookmark_new/Bookmark-manager/app/models/tag.rb": [
        null,
        1,
        1,
        null,
        1,
        null,
        1,
        1,
        null,
        null
      ],
      "/Users/konradschlatte/projects/bookmark_new/Bookmark-manager/app/bookmark.rb": [
        1,
        null,
        1,
        1,
        null,
        1,
        null,
        1,
        1,
        null,
        1,
        2,
        null,
        null,
        1,
        2,
        2,
        2,
        2,
        null,
        null,
        2,
        2,
        null,
        null,
        1,
        1,
        17,
        null,
        null,
        null,
        1,
        6,
        6,
        6,
        null,
        null,
        1,
        3,
        null,
        null,
        1,
        3,
        3,
        3,
        3,
        6,
        null,
        3,
        3,
        null,
        null,
        1,
        4,
        4,
        4,
        4,
        4,
        null,
        null,
        1,
        null
      ],
      "/Users/konradschlatte/projects/bookmark_new/Bookmark-manager/app/data_mapper_setup.rb": [
        1,
        1,
        1,
        1,
        1,
        null,
        1,
        1,
        1
      ],
      "/Users/konradschlatte/projects/bookmark_new/Bookmark-manager/app/models/user.rb": [
        1,
        1,
        null,
        1,
        null,
        1,
        null,
        1,
        null,
        1,
        1,
        1,
        null,
        1,
        2,
        2,
        null,
        null,
        1,
        1,
        null,
        1,
        null
      ],
      "/Users/konradschlatte/projects/bookmark_new/Bookmark-manager/spec/features/feature_tests_spec.rb": [
        1,
        null,
        1,
        1,
        1,
        1,
        1,
        null,
        null,
        1,
        1,
        1,
        1,
        1,
        1,
        1,
        null,
        null,
        1,
        1,
        1,
        1,
        1,
        1,
        1,
        1,
        null,
        1,
        1,
        1,
        1,
        1,
        1,
        1,
        1,
        1,
        1,
        1,
        1,
        null,
        1,
        1,
        1,
        1,
        1,
        1,
        1,
        1,
        1,
        1,
        null,
        null,
        null
      ],
      "/Users/konradschlatte/projects/bookmark_new/Bookmark-manager/spec/features/user_sign_up_spec.rb": [
        1,
        null,
        1,
        1,
        1,
        1,
        1,
        1,
        1,
        1,
        1,
        null,
        null,
        1,
        2,
        null,
        null,
        1,
        null,
        null,
        1,
        1,
        1,
        1,
        1,
        null,
        null
      ]
    },
    "timestamp": 1485529284
  }
}
