{
  "RSpec": {
    "coverage": {
      "/Users/konradschlatte/projects/bookmark_new/Bookmark-manager/app/models/link.rb": [
        1,
        1,
        null,
        null,
        null,
        1,
        1,
        null,
        1,
        1,
        1,
        null,
        null,
        1,
        1,
        1
      ],
      "/Users/konradschlatte/projects/bookmark_new/Bookmark-manager/app/bookmark.rb": [
        1,
        null,
        1,
        1,
        null,
        null,
        null,
        1,
        1,
        null,
        0,
        null,
        null,
        1,
        3,
        null,
        null,
        3,
        null,
        null,
        1,
        2,
        null,
        null,
        1,
        2,
        2,
        2,
        2,
        null,
        null,
        null,
        1,
        null
      ],
      "/Users/konradschlatte/projects/bookmark_new/Bookmark-manager/spec/features/feature_tests_spec.rb": [
        null,
        null,
        null,
        null,
        1,
        1,
        1,
        1,
        1,
        1,
        null,
        null,
        1,
        1,
        1,
        1,
        1,
        1,
        1,
        null,
        null,
        1,
        1,
        1,
        1,
        1,
        1,
        1,
        1,
        null,
        null,
        null,
        null
      ]
    },
    "timestamp": 1485365613
  }
}
